0.760410 74
0.619261 1
0.217052 1
0.513282 4
0.216509 1
0.134916 1
0.187432 1
0.086659 1
0.148276 1
0.128351 1
0.138833 1
0.132553 1
0.117090 1
0.113594 1
0.604554 1
0.200743 1
0.240079 1
0.574570 1
0.299203 1
0.377141 1
0.165856 1
1.129539 2
3.748220 82
0.000282 2
0.685470 26
0.027236 46
0.025418 48
0.236756 29
4.288316 7
0.086193 74
3.283930 1
0.353286 1
0.505038 4
0.194960 1
0.175371 1
0.104111 1
0.162733 1
0.152637 1
0.079452 1
0.344249 1
0.331115 1
0.310876 4
0.226584 1
0.226907 1
0.209636 1
0.182142 1
0.189363 1
0.155929 1
0.787489 1
0.056385 1
1.752193 1
0.358716 4
0.236518 1
0.159870 1
0.106669 1
0.146715 1
0.210571 1
0.087535 1
0.161189 1
0.168568 1
0.087793 1
0.084045 1
0.176242 1
0.168608 1
0.166065 1
0.227599 2
0.031563 83
1.707668 1
0.204158 1
0.187234 1
0.096464 1
0.161940 1
0.151083 1
0.073664 1
0.150028 1
0.137500 1
0.094542 1
0.126929 1
0.094549 1
1.314151 1
0.218257 1
0.246516 1
0.251567 1
0.200168 1
0.209215 1
0.074593 1
23.995923 2
1.559966 31
0.770454 50
0.085146 49
0.195735 61
0.043718 73
0.000698 73
0.000544 73
0.000759 72
0.005837 72
0.000716 72
0.000435 72
0.000628 72
0.041230 72
0.000708 72
0.000692 72
0.000556 72
0.007766 72
0.000714 72
0.000458 72
0.000598 72
0.008820 72
0.000791 72
0.000470 72
0.000628 72
0.030555 72
0.000740 72
0.000560 72
0.000695 72
0.007648 73
0.001144 73
0.000944 73
0.000557 73
0.000859 73
0.000609 151
0.000099 2
0.160864 47
0.233951 59
0.001378 71
0.003266 71
0.000672 71
0.000972 70
0.000597 70
0.010956 70
0.000576 70
0.000589 70
0.000944 70
0.033973 70
0.000480 70
0.000641 70
0.000934 70
0.001403 70
0.000502 70
0.007449 70
0.000421 70
0.023443 70
0.000593 70
0.000663 70
0.000650 70
0.013571 70
0.000457 70
0.000722 70
0.000616 71
0.008567 71
0.000576 71
0.000871 71
0.000318 71
0.017975 71
0.000589 71
0.000697 71
0.000628 71
0.014632 71
0.000567 71
0.000791 71
0.001234 71
0.008940 71
0.001065 71
0.000630 71
0.000668 71
0.007884 71
0.000700 71
0.000600 71
0.000526 71
0.019359 71
0.000459 71
0.000906 71
0.000330 71
0.018290 71
0.000563 71
0.000779 71
0.000576 71
0.005414 71
0.000337 71
0.000731 71
0.000481 71
0.006311 71
0.000597 71
0.000556 71
0.000468 71
0.021226 71
0.000523 71
0.000757 71
0.000450 71
0.021883 71
0.000521 71
0.000702 71
0.000449 71
0.006721 71
0.000478 71
0.000653 71
0.000488 71
0.007244 71
0.000584 71
0.000638 71
0.000482 71
0.015088 71
0.000542 71
0.000492 71
0.000533 71
0.022537 71
0.000509 71
0.000696 71
0.000456 71
0.007806 71
0.000526 71
0.000516 71
0.000419 71
0.008519 71
0.000445 71
0.000581 71
0.000439 71
0.008678 71
0.000405 71
0.000468 71
0.000399 71
0.017105 71
0.000393 71
0.000399 71
0.000548 71
0.009205 71
0.000219 71
0.000594 71
0.000182 71
0.014054 71
0.000110 71
0.000449 71
0.000164 71
0.004870 71
0.000163 71
0.000374 71
0.000106 71
0.010007 71
0.000105 71
0.000426 71
0.000160 71
0.014052 71
0.000174 71
0.000463 71
0.000093 71
0.009200 71
0.000302 71
0.000321 71
0.000226 71
0.014706 71
0.000265 71
0.000322 71
0.000230 71
0.009757 71
0.000268 71
0.000370 71
0.000233 71
0.012740 71
0.000056 71
0.000596 142
0.008176 71
0.000266 71
0.000336 71
0.000235 71
0.005254 71
0.000267 71
0.000327 71
0.000230 71
0.010595 71
0.000256 71
0.000364 71
0.000428 71
0.010703 71
0.000278 71
0.000342 71
0.000266 71
0.021477 71
0.000316 71
0.000318 71
0.000238 71
0.013828 71
0.000275 71
0.000357 71
0.000246 71
0.007133 71
0.000305 71
0.000334 71
0.000232 71
0.008114 71
0.000261 71
0.000338 71
0.000232 71
0.009895 71
0.000303 71
0.000401 71
0.000276 71
0.006672 71
0.000275 71
0.000524 71
0.000312 71
0.009728 71
0.000299 71
0.000326 71
0.000234 71
0.007498 71
0.000273 71
0.000336 71
0.000241 71
0.009899 71
0.000269 71
0.000321 71
0.000234 71
0.008036 71
0.000263 71
0.000334 71
0.000232 71
0.009714 71
0.001041 71
0.000878 71
0.000724 71
0.010988 71
0.000759 71
0.000517 71
0.000627 71
0.004009 71
0.000520 71
0.000677 71
0.000497 71
0.011422 71
0.000743 71
0.000445 71
0.000502 71
0.006328 71
0.000557 71
0.000672 71
0.000496 71
0.010061 71
0.000667 71
0.000544 71
0.000502 71
0.005442 71
0.000347 71
0.000678 71
0.000497 71
0.008252 71
0.000688 71
0.000693 71
0.001099 71
0.008010 71
0.000550 71
0.000730 71
0.000528 71
0.017883 71
0.000876 71
0.000663 71
0.000494 71
0.010286 71
0.000518 71
0.000647 71
0.000500 71
0.005877 71
0.000521 71
0.000663 71
0.000487 71
0.007258 71
0.000561 71
0.000665 71
0.000457 71
0.009152 71
0.000523 71
0.000802 71
0.000351 71
0.008324 71
0.000517 71
0.000657 71
0.000489 71
0.007619 71
0.000515 71
0.000819 71
0.000393 71
0.008878 71
0.000280 71
0.000665 71
0.000698 71
0.007848 71
0.000800 71
0.000449 71
0.000499 71
0.008578 71
0.000521 71
0.000649 71
0.000490 71
0.008116 71
0.000561 71
0.000653 71
0.000771 71
0.010603 71
0.002336 213
0.004967 71
0.000672 71
0.000514 71
0.000444 71
0.008783 71
0.000238 71
0.000524 71
0.000419 71
0.010596 284
0.009346 71
0.000405 71
0.000498 71
0.000396 71
0.007352 71
0.000383 71
0.000524 71
0.000279 71
0.008910 71
0.000504 71
0.000365 71
0.000436 71
0.006636 71
0.000373 71
0.000470 71
0.000353 71
0.008837 71
0.000439 71
0.000686 71
0.000863 71
0.007949 71
0.000569 71
0.000882 71
0.000492 71
0.010530 71
0.000556 71
0.000689 71
0.000500 71
0.006020 71
0.000643 71
0.000509 71
0.000507 71
0.008251 71
0.000258 71
0.000652 71
0.000505 71
0.007924 71
0.000515 71
0.000661 71
0.000490 71
0.008475 71
0.000528 71
0.000729 71
0.000494 71
0.009643 71
0.000360 71
0.000658 71
0.000550 71
0.006809 71
0.000517 71
0.000709 71
0.000489 71
0.007895 71
0.000471 71
0.000668 71
0.000488 71
0.009844 71
0.000519 71
0.000650 71
0.000517 71
0.007728 71
0.000513 71
0.000666 71
0.000486 71
0.007219 71
0.000528 71
0.001258 142
0.010240 71
0.000632 71
0.000549 71
0.000618 71
0.009499 71
0.000657 71
0.000542 71
0.000558 71
0.086598 71
0.000539 71
0.001388 142
0.001358 71
0.000520 71
0.000740 71
0.000520 71
0.001392 71
0.001129 71
0.001004 142
0.001040 71
0.000594 71
0.000714 71
0.000455 71
0.015934 71
0.000465 71
0.000775 71
0.000490 71
0.001527 71
0.000539 71
0.001827 142
0.006252 71
0.000535 71
0.001142 71
0.000556 71
0.001847 71
0.001159 71
0.000638 71
0.000855 71
0.001769 71
0.000715 71
0.000439 71
0.000649 71
0.018169 71
0.000378 71
0.000841 71
0.000505 71
0.002244 142
0.000588 71
0.000499 71
0.001822 71
0.000168 71
0.000951 71
0.000395 71
0.001376 71
0.000673 71
0.000524 71
0.000513 71
0.001544 71
0.000523 71
0.000813 71
0.000534 71
0.001593 71
0.000507 71
0.000619 71
0.000499 71
0.001660 71
0.000413 71
0.000612 71
0.000482 71
0.001544 71
0.000487 71
0.000738 71
0.000390 71
0.001532 71
0.000590 71
0.000627 71
0.000353 71
0.016449 71
0.000497 71
0.000564 71
0.000477 71
0.068268 71
0.000589 71
0.000828 71
0.000475 71
0.001418 71
0.000493 71
0.000668 71
0.000646 71
0.001334 71
0.000561 71
0.000644 71
0.000416 71
0.001434 71
0.000537 71
0.000639 71
0.000352 71
0.001354 71
0.000512 71
0.000617 71
0.000483 71
0.001369 71
0.000508 71
0.000676 71
0.000484 71
0.001665 71
0.000495 71
0.000616 71
0.000484 71
0.001533 71
0.000492 71
0.000615 71
0.000481 71
0.001524 71
0.000495 71
0.000674 71
0.000489 71
0.006687 71
0.000503 71
0.000665 71
0.000484 71
0.015290 71
0.000516 71
0.000669 71
0.000501 71
0.011729 71
0.000512 71
0.000713 71
0.000488 71
0.008202 71
0.000506 71
0.000652 71
0.000480 71
0.009201 71
0.000548 71
0.000652 71
0.000492 71
0.006847 71
0.000519 71
0.000636 71
0.000486 71
0.013816 71
0.000787 71
0.000417 71
0.000800 71
0.008466 71
0.000445 71
0.000725 71
0.000463 71
0.007391 71
0.000501 71
0.000683 71
0.000531 71
0.007584 71
0.000518 71
0.000618 71
0.000487 71
0.008830 71
0.000478 71
0.000704 71
0.000524 71
0.008386 71
0.000478 71
0.000672 71
0.000511 71
0.009168 71
0.000387 71
0.000549 71
0.000422 71
0.015183 71
0.000571 71
0.000543 71
0.000408 71
0.005220 71
0.002675 213
0.003913 71
0.000438 71
0.000558 71
0.000414 71
0.011041 71
0.000458 71
0.000572 71
0.000416 71
0.008874 71
0.000428 71
0.000584 71
0.000412 71
0.013569 71
0.000496 71
0.000560 71
0.000412 71
0.012275 71
0.000434 71
0.000587 71
0.000372 71
0.010973 71
0.000442 71
0.000611 71
0.000343 71
0.006616 71
0.000461 71
0.000608 71
0.000373 71
0.009004 71
0.000558 71
0.000621 71
0.000511 71
0.009042 71
0.000569 71
0.000703 71
0.000497 71
0.008004 71
0.000591 71
0.000650 71
0.000488 71
0.015036 71
0.000633 71
0.000547 71
0.000477 71
0.007845 71
0.000556 71
0.000655 71
0.000485 71
0.014235 71
0.000444 71
0.001001 71
0.000354 71
0.002527 71
0.000519 71
0.001086 71
0.000493 71
0.006978 71
0.000530 71
0.000646 71
0.000398 71
0.012910 71
0.000109 71
0.000721 71
0.000549 71
0.008771 71
0.000468 71
0.000724 71
0.000423 71
0.011841 71
0.000605 71
0.000639 71
0.000605 71
0.009546 71
0.000495 71
0.000709 71
0.000402 71
0.012894 71
0.000510 71
0.000668 71
0.000421 71
0.008041 71
0.002148 213
0.008734 71
0.000462 71
0.000649 71
0.000503 71
0.007593 71
0.000579 71
0.000670 71
0.000437 71
0.008424 71
0.000566 71
0.000649 71
0.000432 71
0.010952 71
0.000535 71
0.000660 71
0.000474 71
0.009208 71
0.000583 71
0.000558 71
0.000382 71
0.013873 71
0.000437 71
0.000657 71
0.001161 71
0.003855 71
0.000386 71
0.000537 71
0.000414 71
0.011670 71
0.000377 71
0.000584 71
0.000394 71
0.008534 71
0.000424 71
0.001220 142
0.005708 71
0.000529 71
0.000686 71
0.000250 71
0.013329 71
0.000459 71
0.000571 71
0.000342 71
0.022338 71
0.000549 71
0.000689 71
0.000497 71
0.009191 71
0.000526 71
0.000668 71
0.000494 71
0.007713 71
0.000529 71
0.000665 71
0.000556 71
0.006415 71
0.000460 71
0.000688 71
0.000463 71
0.008844 71
0.000506 71
0.000663 71
0.000484 71
0.010883 71
0.000534 71
0.000726 71
0.000514 71
0.008445 71
0.000639 71
0.000646 71
0.000486 71
0.008998 71
0.000549 71
0.000601 71
0.000593 71
0.007747 71
0.000512 71
0.000675 71
0.000502 71
0.008933 71
0.000539 71
0.000649 71
0.000533 71
0.009700 71
0.000565 71
0.000651 71
0.000474 71
0.009993 71
0.000456 71
0.000664 71
0.000480 71
0.005622 71
0.000515 71
0.000661 71
0.000496 71
0.007157 71
0.000545 71
0.000640 71
0.000496 71
0.008782 71
0.000439 71
0.000752 71
0.000379 71
0.008951 71
0.000596 71
0.000644 71
0.000532 71
0.011223 71
0.000584 71
0.000701 71
0.000556 71
0.008066 71
0.001173 71
0.000099 71
0.000506 71
0.007436 71
0.000555 71
0.000754 71
0.000538 71
0.008757 71
0.000536 71
0.000681 71
0.000658 71
0.009201 71
0.000445 71
0.000556 71
0.000535 71
0.007533 71
0.000325 71
0.000725 71
0.000505 71
0.007931 71
0.000494 71
0.000912 71
0.000208 71
0.007893 71
0.000507 71
0.001061 71
0.000339 71
0.016638 71
0.000399 71
0.000532 71
0.000367 71
0.013429 71
0.000333 71
0.000639 71
0.000337 71
0.005364 71
0.000164 71
0.000497 71
0.000101 71
0.008554 71
0.000191 71
0.000377 71
0.000751 71
0.008518 71
0.000398 71
0.000334 71
0.000159 71
0.013101 71
0.000348 71
0.000305 71
0.000158 71
0.007834 71
0.000186 71
0.000355 71
0.000347 71
0.009533 71
0.000286 71
0.000345 71
0.000233 71
0.007799 71
0.000255 71
0.000336 71
0.000230 71
0.008596 71
0.000245 71
0.000307 71
0.000232 71
0.008994 71
0.000264 71
0.000332 71
0.000244 71
0.013355 71
0.000845 71
0.001135 71
0.000505 71
0.019997 71
0.000880 71
0.000730 71
0.000889 71
0.002102 71
0.000633 71
0.000693 71
0.000855 71
0.002046 71
0.000666 71
0.001637 71
0.001339 71
0.011899 71
0.000807 71
0.000683 71
0.000527 71
0.003145 71
0.001197 71
0.001088 71
0.002541 71
0.012400 142
0.000318 71
0.000719 71
0.012443 71
0.002076 71
0.000979 71
0.000655 71
0.002627 71
0.000764 71
0.000789 71
0.000625 71
0.002730 71
0.000702 71
0.000924 71
0.000696 71
0.008544 71
0.000754 71
0.000932 71
0.000530 71
0.008456 71
0.000685 71
0.000696 71
0.001839 71
0.016802 71
0.000714 71
0.000683 71
0.000728 71
0.006462 71
0.009652 497
0.008135 71
0.000574 71
0.000798 71
0.000470 71
0.008399 71
0.000397 71
0.000468 71
0.000787 71
0.064620 71
0.000561 71
0.000594 71
0.000286 71
0.000974 71
0.000498 71
0.000431 71
0.000278 71
0.000711 71
0.000280 71
0.000335 71
0.000333 71
0.001010 71
0.000616 71
0.000696 71
0.000672 71
0.000876 71
0.000309 71
0.000605 71
0.000845 71
0.001081 71
0.000523 71
0.000853 71
0.000495 71
0.000835 71
0.000338 71
0.000400 71
0.000286 71
0.014159 71
0.000290 71
0.000349 71
0.000282 71
0.017519 71
0.000122 71
0.000337 71
0.000227 71
0.009975 71
0.000271 71
0.000327 71
0.000235 71
0.009598 71
0.000426 71
0.000188 71
0.000231 71
0.012851 71
0.000372 71
0.000230 71
0.000231 71
0.015217 71
0.000288 71
0.000338 71
0.000234 71
0.009260 71
0.000272 71
0.000332 71
0.000238 71
0.009286 71
0.000292 71
0.000340 71
0.000238 71
0.014253 71
0.000285 71
0.000360 71
0.000237 71
0.018649 71
0.000240 71
0.000345 71
0.000432 71
0.010784 71
0.000264 71
0.000358 71
0.000277 71
0.006866 71
0.000292 71
0.000628 71
0.000349 71
0.010935 71
0.000276 71
0.000569 71
0.000285 71
0.015356 71
0.000286 71
0.000555 71
0.000138 71
0.017270 71
0.000283 71
0.000401 71
0.000209 71
0.009963 71
0.000283 71
0.000363 71
0.000241 71
0.005124 71
0.000333 71
0.000271 71
0.000240 71
0.015488 71
0.000282 71
0.000337 71
0.000236 71
0.014629 142
0.000324 71
0.000243 71
0.013594 71
0.000274 71
0.000456 71
0.000138 71
0.009476 71
0.000803 71
0.000621 71
0.000421 71
0.012064 71
0.000285 71
0.000529 71
0.000342 71
0.013414 71
0.000307 71
0.000388 71
0.000237 71
0.013558 71
0.000265 71
0.000329 71
0.000236 71
0.006091 71
0.001027 71
0.000441 71
0.000254 71
0.009886 71
0.000374 71
0.000252 71
0.000310 71
0.014590 71
0.000275 71
0.000371 71
0.000347 71
0.013604 71
0.000253 71
0.000339 71
0.000241 71
0.009525 71
0.000352 71
0.000332 71
0.000246 71
0.008292 71
0.000268 71
0.000334 71
0.000234 71
0.014649 71
0.000375 71
0.000341 71
0.000238 71
0.009521 71
0.000284 71
0.000341 71
0.000239 71
0.019770 71
0.000292 71
0.000346 71
0.000237 71
0.005988 71
0.000268 71
0.000369 71
0.000233 71
0.008415 71
0.000267 71
0.000332 71
0.000240 71
0.010669 71
0.000263 71
0.000343 71
0.000250 71
0.015656 71
0.000283 71
0.000379 71
0.000241 71
0.012004 71
0.000277 71
0.000364 71
0.000311 71
0.011281 71
0.000283 71
0.000704 142
0.006316 71
0.000278 71
0.000432 71
0.000168 71
0.015496 71
0.000412 71
0.000457 71
0.000264 71
0.011995 71
0.000462 71
0.000452 71
0.000405 71
0.009020 71
0.000280 71
0.000355 71
0.000419 71
0.011055 71
0.000383 71
0.000347 71
0.000236 71
0.013425 71
0.000314 71
0.000449 71
0.000415 71
0.009469 71
0.000423 71
0.000601 71
0.000302 71
0.009630 71
0.000270 71
0.000333 71
0.000229 71
0.012882 71
0.000517 71
0.000522 71
0.000325 71
0.011653 71
0.000675 71
0.001094 71
0.000382 71
0.005785 71
0.000382 71
0.000666 71
0.000983 71
0.011140 142
0.000963 142
0.013006 71
0.000252 71
0.000321 71
0.000256 71
0.009752 71
0.000271 71
0.000306 71
0.000231 71
0.008502 71
0.000259 71
0.000324 71
0.000240 71
0.011699 71
0.000548 71
0.000446 71
0.000627 71
0.013567 71
0.000521 71
0.000865 71
0.000415 71
0.009185 71
0.000484 71
0.000540 71
0.000404 71
0.009505 71
0.000423 71
0.000549 71
0.000409 71
0.008774 71
0.000356 71
0.000359 71
0.000237 71
0.012740 71
0.000229 71
0.000377 71
0.000248 71
0.009412 71
0.000355 71
0.000476 71
0.000207 71
0.013042 71
0.000205 71
0.000487 71
0.000188 71
0.008298 71
0.000159 71
0.000504 71
0.000318 71
0.011099 71
0.000312 71
0.000323 71
0.000164 71
0.010503 71
0.000577 71
0.000575 71
0.000577 71
0.010387 71
0.000395 71
0.000390 71
0.000325 71
0.010831 71
0.000238 71
0.000433 71
0.000143 71
0.009419 71
0.000195 71
0.000578 71
0.000162 71
0.015529 71
0.000390 71
0.000305 71
0.000218 71
0.007586 71
0.000569 71
0.000289 71
0.003316 71
0.010199 71
0.000278 71
0.000328 71
0.000236 71
0.008590 71
0.000264 71
0.000433 71
0.001168 71
0.009584 71
0.000153 71
0.000445 71
0.000154 71
0.011887 142
0.000437 71
0.000250 71
0.011692 71
0.000263 71
0.000318 71
0.000246 71
0.009525 71
0.000196 71
0.000381 71
0.000309 71
0.012419 142
0.000328 71
0.000091 71
0.012696 71
0.000269 71
0.000444 71
0.000179 71
0.006757 71
0.000179 71
0.000404 71
0.000159 71
0.009710 71
0.000320 71
0.000273 71
0.000182 71
0.012935 71
0.000103 71
0.000405 71
0.000153 71
0.010962 71
0.000114 71
0.000398 71
0.000160 71
0.011929 71
0.000097 71
0.000425 71
0.000150 71
0.010906 71
0.000705 71
0.000801 71
0.000873 71
0.006883 71
0.000508 71
0.000784 71
0.000486 71
0.018021 71
0.000469 71
0.000872 71
0.000445 71
0.007389 71
0.000832 71
0.000995 71
0.000427 71
0.010213 71
0.000989 71
0.000693 71
0.000530 71
0.005292 71
0.000628 71
0.001283 71
0.000287 71
0.015286 71
0.000746 71
0.001191 71
0.000427 71
0.006894 71
0.000453 71
0.000752 71
0.000832 71
0.008518 71
0.000793 71
0.000918 71
0.000436 71
0.010357 71
0.000544 71
0.001161 71
0.000803 71
0.009567 71
0.000479 71
0.000850 71
0.000432 71
0.009154 71
0.000631 71
0.000957 71
0.000673 71
0.007942 71
0.000456 71
0.000800 71
0.000462 71
0.013515 71
0.000563 71
0.001854 71
0.000394 71
0.007189 71
0.000911 71
0.000679 71
0.000586 71
0.007558 71
0.000705 71
0.000954 71
0.000466 71
0.012230 71
0.000850 71
0.000977 71
0.000278 71
0.005750 71
0.000666 71
0.000564 71
0.000343 71
0.009386 71
0.000420 71
0.000794 71
0.000518 71
0.014375 71
0.000390 71
0.000487 71
0.000207 71
0.006822 71
0.000126 71
0.000658 71
0.000313 71
0.013533 71
0.000445 71
0.000586 71
0.000240 71
0.008032 71
0.000182 71
0.000508 71
0.000202 71
0.010942 71
0.000508 71
0.000347 71
0.000247 71
0.010055 71
0.000357 71
0.000439 71
0.000327 71
0.012245 71
0.000255 71
0.000490 71
0.000185 71
0.007794 71
0.000271 71
0.000355 71
0.000227 71
0.008519 71
0.000219 71
0.000544 71
0.000178 71
0.012812 71
0.000228 71
0.000438 71
0.000173 71
0.010824 71
0.000561 71
0.000657 71
0.000268 71
0.024011 71
0.000241 71
0.000693 71
0.000223 71
0.008362 71
0.000422 71
0.000341 71
0.000152 71
0.009069 71
0.000189 71
0.000574 71
0.000176 71
0.008983 71
0.000148 71
0.000407 71
0.000167 71
0.011384 71
0.000301 71
0.000363 71
0.000243 71
0.012102 71
0.000373 71
0.000395 71
0.000096 71
0.008764 71
0.000194 71
0.000415 71
0.000160 71
0.000482 71
0.000181 71
0.000064 60
0.000038 18
0.913026 54
0.205944 58
0.076618 48
0.189874 60
0.000616 72
0.000766 72
0.000816 72
0.001798 71
0.000668 71
0.000724 71
0.000434 71
0.005700 71
0.000520 71
0.000634 71
0.000554 71
0.004756 71
0.000503 71
0.000650 71
0.000477 71
0.067722 71
0.000540 71
0.001001 71
0.000845 71
0.001387 71
0.000486 71
0.000618 71
0.001126 71
0.001464 71
0.000450 72
0.000604 72
0.001106 72
0.001658 72
0.001451 144
0.000456 72
0.001903 72
0.000315 72
0.000855 72
0.000996 72
0.009188 72
0.000561 72
0.000639 72
0.000647 72
0.011636 72
0.000539 72
0.001343 72
0.000105 72
0.014106 72
0.000555 72
0.000667 72
0.000585 72
0.016012 72
0.000524 72
0.000610 72
0.000592 72
0.021701 72
0.000465 72
0.001010 72
0.000439 72
0.008283 72
0.000879 72
0.000741 72
0.000454 72
0.010248 72
0.000358 72
0.001579 144
0.023692 72
0.000490 72
0.000676 72
0.000438 72
0.000907 72
0.000573 72
0.000624 133
0.000158 18
0.183095 48
0.216549 59
0.001298 71
0.000893 71
0.000474 71
0.001913 70
0.000474 70
0.000864 70
0.000637 70
0.002742 70
0.000610 70
0.000476 70
0.000574 70
0.033389 70
0.000575 70
0.000959 70
0.000687 70
0.007347 70
0.000473 70
0.000653 70
0.000483 70
0.008890 70
0.000634 70
0.000603 70
0.000465 70
0.000894 70
0.000654 70
0.000487 130
0.000101 17
0.103703 48
0.232757 59
0.003201 71
0.000708 71
0.000530 71
0.000612 70
0.009305 70
0.000744 70
0.000825 70
0.001021 70
0.021337 70
0.000720 70
0.000528 70
0.000562 70
0.017655 70
0.000884 70
0.000306 70
0.007469 70
0.000507 70
0.001053 70
0.000535 70
0.001134 70
0.002459 70
0.001307 70
0.000720 70
0.000473 130
0.000101 17
0.085508 60
0.217775 59
0.002809 71
0.001091 71
0.000473 71
0.000877 70
0.006942 70
0.000701 70
0.000439 70
0.001488 70
0.009005 70
0.001278 70
0.000802 70
0.000875 70
0.022861 70
0.000616 70
0.000470 70
0.000725 70
0.000734 70
0.000458 130
0.000102 17
0.086539 69
0.414270 54
0.004148 66
0.000658 66
0.000585 66
0.000639 65
0.059344 65
0.000642 65
0.000479 65
0.000655 65
0.007404 65
0.000649 65
0.000496 65
0.000671 65
0.000845 65
0.000841 65
0.000868 65
0.001267 65
0.000479 65
0.000691 65
0.000431 65
0.001400 65
0.000443 65
0.000621 65
0.000500 65
0.019011 65
0.000574 66
0.000663 66
0.000496 66
0.000920 66
0.000815 66
0.003097 66
0.002023 66
0.025808 66
0.000530 66
0.000681 66
0.000461 66
0.011035 66
0.000550 66
0.000590 66
0.000460 66
0.009246 66
0.000533 66
0.000698 66
0.000518 66
0.001039 66
0.008253 66
0.001675 66
0.021927 66
0.000788 66
0.000501 66
0.000608 66
0.011784 66
0.000711 66
0.000451 66
0.000667 66
0.011150 66
0.000701 66
0.000488 66
0.000699 66
0.027334 66
0.000758 66
0.000494 66
0.000610 66
0.016800 66
0.000766 66
0.000534 66
0.000744 66
0.009294 66
0.000707 66
0.000542 66
0.000702 66
0.014161 66
0.000778 66
0.000455 66
0.000642 66
0.016668 66
0.001096 66
0.000921 66
0.000652 66
0.001176 66
0.023329 66
0.000543 66
0.000727 66
0.000571 66
0.007592 66
0.000461 66
0.000607 66
0.000488 66
0.012100 66
0.000709 66
0.001115 66
0.000561 66
0.021933 66
0.000478 66
0.000280 66
0.000460 66
0.007507 66
0.000345 66
0.000371 66
0.001158 66
0.014554 66
0.000408 66
0.000372 66
0.000237 66
0.021297 66
0.000435 66
0.000361 66
0.000251 66
0.011426 66
0.000434 66
0.000468 66
0.000331 66
0.007773 66
0.000249 66
0.000353 66
0.000289 66
0.020406 66
0.000308 66
0.000437 66
0.000237 66
0.014432 66
0.000294 66
0.000356 66
0.000232 66
0.016085 66
0.000485 66
0.000350 66
0.000220 66
0.010442 66
0.000378 66
0.000451 66
0.000549 66
0.014704 66
0.000921 66
0.000119 66
0.000605 66
0.021773 66
0.000286 66
0.000322 66
0.000355 66
0.006553 66
0.000325 66
0.000290 66
0.000243 66
0.015245 66
0.000331 66
0.000266 66
0.000203 66
0.021640 66
0.000262 66
0.000245 66
0.000222 66
0.008333 66
0.000356 66
0.000317 66
0.000236 66
0.010719 66
0.000323 66
0.000293 66
0.000231 66
0.018114 66
0.000261 66
0.000315 66
0.000495 66
0.014458 66
0.000271 66
0.000493 66
0.000476 66
0.008545 66
0.000280 66
0.000534 66
0.000542 66
0.014681 66
0.000670 66
0.000276 66
0.000237 66
0.006630 66
0.000267 66
0.000362 66
0.000345 66
0.000279 66
0.000043 55
0.000036 18
0.288611 65
0.153193 36
0.190323 99
0.623445 6
1.082945 63
0.205241 64
0.000431 76
0.000632 76
0.000337 76
0.001287 75
0.000310 75
0.000618 75
0.000297 75
0.011450 225
0.000399 75
0.023158 75
0.000549 75
0.000546 75
0.000558 75
0.002975 75
0.000404 75
0.000657 75
0.000356 75
0.000092 65
0.000046 17
0.060737 59
0.292393 42
0.000821 54
0.000870 54
0.000791 54
0.002256 53
0.000749 53
0.000826 53
0.000471 53
0.002788 53
0.000420 53
0.000733 53
0.000413 53
0.037968 53
0.000481 53
0.000715 53
0.000867 53
0.006891 53
0.000533 53
0.000697 53
0.000598 53
0.011275 53
0.000544 53
0.000681 53
0.000492 53
0.023973 53
0.000622 54
0.000703 54
0.000502 54
0.007344 54
0.000602 54
0.000624 54
0.000494 54
0.012117 54
0.000264 54
0.002479 108
0.005492 54
0.001138 54
0.002224 54
0.000662 54
0.021483 54
0.000709 54
0.000815 54
0.000601 54
0.010647 54
0.000472 54
0.001037 54
0.000993 54
0.006624 54
0.000447 54
0.000727 54
0.000626 54
0.021022 54
0.000621 54
0.000445 54
0.000365 54
0.008884 54
0.000405 54
0.000685 54
0.000445 54
0.013244 54
0.000380 54
0.000733 54
0.000133 54
0.019611 54
0.000455 54
0.000663 54
0.000424 54
0.010939 54
0.000748 54
0.000361 54
0.000414 54
0.011996 54
0.000335 54
0.000526 54
0.000427 54
0.012620 54
0.000761 54
0.000757 54
0.000518 54
0.026545 54
0.001146 54
0.000895 54
0.000533 54
0.004123 54
0.000219 54
0.000563 54
0.000414 54
0.007270 54
0.000322 54
0.000556 54
0.000474 54
0.047473 54
0.000451 54
0.000533 54
0.000458 54
0.010421 54
0.000896 54
0.000138 54
0.000376 54
0.005077 54
0.000298 54
0.000509 54
0.000373 54
0.008374 54
0.000218 54
0.000613 54
0.000413 54
0.018573 54
0.000456 54
0.000688 54
0.000620 54
0.000473 54
0.000080 43
0.000069 18
0.344734 95
0.494147 4
0.000086 2
0.636629 68
0.003114 58
0.000834 2
0.104495 65
0.167833 59
0.069862 55
0.283467 55
0.000681 67
0.000797 67
0.000450 67
0.001613 66
0.000496 66
0.000626 66
0.000529 66
0.007519 66
0.000533 66
0.001086 66
0.000860 66
0.023851 66
0.000498 66
0.000695 66
0.000477 66
0.009035 66
0.000561 66
0.000570 66
0.000485 66
0.011909 66
0.000486 66
0.000719 66
0.000454 66
0.008063 66
0.000627 67
0.000706 67
0.000461 67
0.005549 67
0.000531 67
0.000761 67
0.000540 67
0.014109 67
0.000537 67
0.000766 67
0.000453 67
0.006836 67
0.001234 67
0.000996 67
0.000995 67
0.006600 67
0.000493 67
0.000651 67
0.000498 67
0.008164 67
0.000426 67
0.000784 67
0.000500 67
0.008097 67
0.000506 67
0.000711 67
0.000601 67
0.012058 67
0.000536 67
0.001013 67
0.000478 67
0.005567 67
0.000528 67
0.000697 67
0.000730 67
0.008094 67
0.000778 67
0.000565 67
0.000373 67
0.000798 67
0.000657 67
0.000868 123
0.000101 18
0.070650 61
0.239794 62
0.001133 74
0.000171 74
0.000667 74
0.003182 73
0.000430 73
0.000744 73
0.000391 73
0.005333 73
0.000540 73
0.000641 73
0.000518 73
0.005044 73
0.000470 73
0.000654 73
0.000438 73
0.297519 73
0.000444 73
0.000734 73
0.000617 73
0.000561 136
0.000199 17
0.094170 57
0.157857 59
0.000539 71
0.000720 71
0.000526 71
0.005233 70
0.000710 70
0.000876 70
0.000487 70
0.008911 70
0.000655 70
0.000491 70
0.000471 70
0.020798 70
0.000525 70
0.000720 70
0.001546 70
0.006185 70
0.000947 70
0.000956 70
0.000494 70
0.010030 70
0.000745 70
0.000956 70
0.000781 70
0.005992 70
0.000604 71
0.000939 71
0.000507 71
0.024089 71
0.001136 71
0.000694 71
0.000415 71
0.001093 71
0.000584 71
0.000812 71
0.000433 131
0.000090 18
0.134453 62
0.294033 50
0.058641 58
0.404427 53
0.000582 65
0.000772 65
0.000400 65
0.002330 64
0.000492 64
0.000674 64
0.000435 64
0.008424 64
0.000883 64
0.000730 64
0.000481 64
0.017051 64
0.001019 64
0.001048 64
0.000953 64
0.010755 64
0.001259 64
0.000970 64
0.000531 64
0.007479 64
0.000781 64
0.000733 64
0.000657 64
0.007374 64
0.000952 65
0.000895 65
0.000709 65
0.007923 65
0.000525 65
0.000633 65
0.000793 65
0.018700 65
0.000523 65
0.000716 65
0.000475 65
0.005165 65
0.000918 65
0.001497 65
0.000488 65
0.007679 65
0.000517 65
0.001110 65
0.000699 65
0.010396 65
0.000682 65
0.000665 65
0.000637 65
0.003530 65
0.000728 65
0.000966 65
0.000963 65
0.013600 65
0.000725 65
0.000785 65
0.000437 65
0.007594 65
0.000398 65
0.000824 65
0.000656 65
0.008265 65
0.000512 65
0.001003 65
0.000911 65
0.009716 65
0.000699 65
0.000878 65
0.000733 65
0.006430 65
0.000555 65
0.000554 65
0.000452 65
0.013405 65
0.000797 65
0.000799 65
0.000409 65
0.008495 65
0.000695 65
0.000546 65
0.000327 65
0.011970 65
0.000465 65
0.000801 65
0.000559 65
0.003889 65
0.000395 65
0.000634 65
0.000331 65
0.007652 65
0.000403 65
0.000520 65
0.000662 65
0.010030 65
0.000314 65
0.000475 65
0.000328 65
0.011467 65
0.000354 65
0.000586 65
0.000515 65
0.009528 65
0.000647 65
0.000969 65
0.000500 65
0.007521 65
0.000652 65
0.000731 65
0.000348 65
0.012907 260
0.005969 260
0.009789 65
0.000315 65
0.000390 65
0.000185 65
0.010579 65
0.000538 65
0.000587 65
0.000887 65
0.007263 65
0.000150 65
0.000580 65
0.000113 65
0.012905 65
0.000448 65
0.000753 65
0.000453 65
0.006890 65
0.000197 65
0.000600 65
0.000759 65
0.008253 65
0.000286 65
0.000514 65
0.000244 65
0.010275 65
0.000457 65
0.000465 65
0.000302 65
0.024344 65
0.000277 65
0.000868 65
0.000112 65
0.006588 65
0.000264 65
0.000626 65
0.000238 65
0.009990 65
0.000498 65
0.000469 65
0.000374 65
0.008943 65
0.000473 65
0.000749 65
0.000792 65
0.010608 65
0.000600 65
0.000709 65
0.000571 65
0.008003 65
0.000463 65
0.000587 65
0.000424 65
0.009776 65
0.000482 65
0.000597 65
0.000421 65
0.009751 65
0.000426 65
0.000508 65
0.000369 65
0.013587 65
0.000774 65
0.000412 65
0.000339 65
0.006131 65
0.000274 65
0.000598 65
0.000411 65
0.000780 65
0.000496 65
0.000416 135
0.000103 2
0.170450 71
0.224446 52
0.051437 82
0.177449 38
0.025644 103
0.496935 6
0.656187 78
0.146606 44
0.000364 56
0.000397 56
0.000287 56
0.003488 110
0.000502 55
0.000184 55
0.009593 55
0.000091 55
0.000417 55
0.000186 55
0.066496 55
0.000488 55
0.000737 55
0.000427 55
0.013131 55
0.000448 55
0.000705 55
0.000473 55
0.001346 55
0.000464 55
0.000655 55
0.000428 55
0.001464 55
0.000475 56
0.000575 56
0.000478 56
0.001414 56
0.000388 56
0.000612 56
0.000472 56
0.001282 56
0.000574 56
0.000645 56
0.000444 56
0.000750 56
0.000437 101
0.000102 18
0.201207 95
0.433574 6
0.696648 88
0.184266 39
0.017267 107
0.493208 6
0.661056 77
0.153027 37
0.025554 101
0.426088 6
0.674877 74
0.771586 43
0.000406 55
0.000674 55
0.000505 55
0.001711 54
0.000365 54
0.000721 54
0.000397 54
0.006771 54
0.000259 54
0.000824 54
0.000448 54
0.028046 54
0.000198 54
0.000740 54
0.000501 54
0.007218 54
0.000454 54
0.000473 54
0.000531 54
0.006717 54
0.000200 54
0.001064 54
0.000133 54
0.008825 54
0.000136 55
0.000758 55
0.000438 55
0.022523 55
0.000439 55
0.000731 55
0.000405 55
0.011623 55
0.000529 55
0.000646 55
0.000533 55
0.008265 55
0.000231 55
0.000666 55
0.000464 55
0.011643 55
0.000525 55
0.000677 55
0.000489 55
0.014109 55
0.000486 55
0.000641 55
0.000503 55
0.026470 55
0.000518 55
0.000647 55
0.000489 55
0.004843 55
0.000597 55
0.000645 55
0.000489 55
0.015930 55
0.000505 55
0.000629 55
0.000483 55
0.004259 55
0.000527 55
0.000754 55
0.000505 55
0.021173 55
0.000514 55
0.000646 55
0.000474 55
0.008195 55
0.000560 55
0.000680 55
0.000490 55
0.008823 55
0.000693 55
0.000489 55
0.000550 55
0.008193 55
0.000522 55
0.000659 55
0.000487 55
0.021286 55
0.000559 55
0.000731 55
0.000552 55
0.012355 55
0.000555 55
0.001477 110
0.005725 55
0.000280 55
0.000690 55
0.000512 55
0.016312 55
0.000744 55
0.000904 55
0.000513 55
0.016240 55
0.000231 55
0.001141 55
0.001346 55
0.007619 55
0.000171 55
0.000663 55
0.000470 55
0.005391 55
0.000486 55
0.000486 55
0.000558 55
0.024440 55
0.000527 55
0.001313 110
0.007193 55
0.000513 55
0.000647 55
0.000485 55
0.010079 55
0.000790 55
0.000380 55
0.000491 55
0.012046 55
0.000534 55
0.000716 55
0.000556 55
0.013623 55
0.000530 55
0.000645 55
0.000552 55
0.007338 55
0.000579 55
0.000655 55
0.000486 55
0.012722 55
0.000517 55
0.000721 55
0.000407 55
0.017508 55
0.000621 55
0.000569 55
0.000489 55
0.012577 55
0.000455 55
0.000729 55
0.000551 55
0.012082 55
0.000541 55
0.000561 55
0.000481 55
0.003211 55
0.000515 55
0.000637 55
0.000478 55
0.016773 55
0.000507 55
0.000642 55
0.000511 55
0.009999 55
0.000438 55
0.000643 55
0.000489 55
0.013592 55
0.000667 55
0.000738 55
0.000359 55
0.007763 55
0.000528 55
0.000655 55
0.000494 55
0.012617 55
0.000520 55
0.000729 55
0.000616 55
0.009832 55
0.000473 55
0.000638 55
0.000603 55
0.009808 55
0.000446 55
0.000553 55
0.000418 55
0.014803 55
0.000249 55
0.000498 55
0.000373 55
0.009801 55
0.000317 55
0.000482 55
0.000215 55
0.007016 55
0.000322 55
0.000426 55
0.000281 55
0.024289 55
0.000357 55
0.000444 55
0.000325 55
0.005425 55
0.000389 55
0.000418 55
0.000325 55
0.013288 55
0.000531 55
0.000342 55
0.000245 55
0.016442 55
0.000258 55
0.000336 55
0.000242 55
0.008162 55
0.000267 55
0.000335 55
0.000270 55
0.010578 55
0.000416 55
0.000537 55
0.000383 55
0.010431 55
0.000401 55
0.000518 55
0.000371 55
0.015113 55
0.000786 55
0.000911 55
0.000724 55
0.007153 55
0.000413 55
0.000512 55
0.000274 55
0.010374 55
0.000303 55
0.000393 55
0.000310 55
0.014203 55
0.000265 55
0.000380 55
0.000263 55
0.010791 55
0.000407 55
0.000249 55
0.000246 55
0.010328 55
0.000274 55
0.000361 55
0.000251 55
0.008654 55
0.000284 55
0.000359 55
0.000238 55
0.012115 55
0.000439 55
0.000755 55
0.000463 55
0.011477 55
0.000241 55
0.000366 55
0.000253 55
0.011009 55
0.000257 55
0.000365 55
0.000230 55
0.009515 55
0.000267 55
0.000323 55
0.000229 55
0.000421 55
0.000235 55
0.000071 44
0.000038 18
0.889943 91
0.706603 6
0.666793 48
0.012501 68
0.001346 71
0.018659 89
0.001985 92
0.032998 70
0.004122 72
0.002244 97
0.000099 2
0.002210 91
0.000098 2
0.010227 88
0.000077 2
0.010266 89
0.000076 2
0.012744 89
0.000081 2
0.002095 93
0.000079 2
0.002046 92
0.000077 2
0.002110 95
0.000077 2
0.002099 95
0.000077 2
0.151581 89
0.465282 59
0.026832 137
0.520125 6
0.714517 75
0.182761 59
0.062640 68
0.207892 65
0.000878 77
0.000873 77
0.000506 77
0.001629 76
0.000535 76
0.000675 76
0.000497 76
0.006985 76
0.000559 76
0.000680 76
0.000569 76
0.007984 76
0.000531 76
0.000671 76
0.000499 76
0.021396 76
0.000928 76
0.000952 76
0.001227 76
0.004632 76
0.000529 76
0.001151 76
0.000424 76
0.013857 76
0.000685 77
0.000871 77
0.000646 77
0.004504 77
0.001275 77
0.000821 77
0.000896 77
0.006612 77
0.000591 77
0.000994 77
0.000178 77
0.008787 77
0.000473 77
0.000876 77
0.000351 77
0.049155 77
0.000612 77
0.000644 77
0.000514 77
0.009031 77
0.000604 77
0.000703 77
0.000512 77
0.010994 77
0.000305 77
0.000670 77
0.000350 77
0.005239 77
0.000091 77
0.000599 77
0.000488 77
0.011755 77
0.000364 77
0.000475 77
0.000464 77
0.008705 77
0.002089 231
0.004077 77
0.000339 77
0.000409 77
0.000305 77
0.012411 77
0.000388 77
0.000437 77
0.000266 77
0.010220 77
0.000203 77
0.000434 77
0.000303 77
0.007661 77
0.000301 77
0.000379 77
0.000266 77
0.009718 77
0.000266 77
0.000637 77
0.000417 77
0.008157 77
0.000269 77
0.000334 77
0.000257 77
0.004881 77
0.000263 77
0.000365 77
0.000346 77
0.000288 77
0.000071 66
0.000041 18
0.046321 79
0.280270 54
0.054680 67
0.347356 38
0.046227 101
0.496378 4
0.000089 2
0.687074 82
0.321379 53
0.095216 91
0.247518 50
0.062767 80
0.287547 47
0.053587 95
0.166082 42
0.049462 103
0.476998 4
0.000087 2
0.602844 44
0.000086 2
0.007013 63
0.001311 60
0.000077 2
0.001012 61
0.000079 2
0.061116 425
5.822823 42
0.566570 6
1.159527 40
0.533578 43
0.001021 288
0.000088 2
1.744394 432
1.333390 4
0.000085 2
0.642222 66
0.000314 2
0.003891 58
0.000273 2
3.234763 44
0.492131 4
0.000085 2
0.680250 40
0.530926 108
0.000637 60
0.000086 2
0.000380 34
0.000079 2
0.000356 33
0.000371 6
0.147143 6
0.704578 46
0.534424 6
0.774676 41
0.000626 2
0.594030 4
0.000086 2
0.697361 38
0.769574 41
0.001139 213
0.014128 349
0.000401 2
0.243291 234
0.124173 44
0.000084 2
0.000297 23
0.000063 2
0.009890 54
0.000862 99
0.000081 2
0.076580 112
0.000085 2
0.078709 87
0.000094 78
0.000260 48
0.003642 380
0.000091 2
0.087740 98
0.000084 2
0.000288 21
0.000061 2
0.000262 22
0.000061 2
0.000284 27
0.000077 2
0.200366 6
0.000354 69
0.000209 6
0.000255 62
1.002069 153
0.000597 2
0.005562 44
0.000534 2
0.000996 40
0.000447 2
0.001880 52
0.000517 2
0.001231 101
0.132186 25
0.001127 119
0.005711 351
0.000144 2
0.171461 100
0.000444 21
0.000138 2
0.000643 24
0.000424 27
0.000097 2
0.226363 6
0.000220 67
0.000088 2
0.000371 6
0.000574 64
0.000516 6
0.000048 91
0.000357 6
0.000414 43
0.000426 76
0.000781 80
0.000311 81
0.000491 66
0.000429 60
0.000553 61
0.000215 6
0.000398 66
0.000472 65
0.000326 6
0.000435 25
0.000186 6
0.000257 58
0.000262 60
0.000195 6
0.000254 54
10.007779 178
0.012663 40
0.000159 2
0.000643 38
0.000243 2
0.000531 4
0.000130 2
0.000694 55
0.000134 2
0.010183 29
0.000172 2
0.001802 52
0.000169 2
0.000689 52
0.000151 2
0.001178 93
0.140000 96
0.000115 2
0.140590 79
0.000362 78
0.000405 48
0.004134 65
0.000188 36
0.001198 49
0.000689 107
0.000162 2
0.001286 40
0.000157 2
0.074993 52
0.000168 2
0.000650 52
0.000143 2
0.000764 38
0.000140 2
0.079175 420
0.000645 2
0.534349 508
0.109135 544
0.000227 2
0.090926 554
0.447423 564
0.000217 2
0.220781 552
0.314326 560
0.000089 2
0.212191 554
0.208977 550
0.170185 550
0.099415 556
0.120560 560
0.211717 558
0.151969 566
0.160750 560
0.000339 2
0.184015 550
0.090081 554
0.113877 514
0.099842 514
0.000110 2
0.361500 518
0.098261 518
0.489336 512
0.000103 2
0.099151 512
0.000108 2
0.494546 508
0.000096 2
0.104960 508
0.000153 2
0.540392 514
0.400932 504
0.125116 566
0.103114 554
0.187675 504
0.187032 538
0.092701 538
0.286310 510
0.000176 2
0.189174 534
0.198611 518
0.000598 2
2.324080 536
0.244079 482
0.000554 2
0.139872 504
0.000098 2
0.127962 502
0.000097 2
1.726278 506
0.147362 502
0.000506 2
2.178923 552
0.409427 510
0.000622 2
0.207812 542
0.278303 540
0.000387 2
0.156669 534
0.191118 548
0.172210 544
0.636555 482
0.000491 2
0.217226 524
0.460540 528
0.000618 2
0.191948 152
0.000086 2
0.000402 49
0.000064 2
0.000345 10
0.000071 2
0.000594 161
0.000079 2
0.004347 141
0.000422 167
0.000235 24
0.000225 21
0.000380 137
0.000419 167
0.000231 22
0.000224 19
0.279217 484
0.163483 522
0.139415 522
0.000210 2
0.144901 520
0.272863 534
0.162290 532
0.238838 536
0.179702 522
0.153456 518
0.001006 2
0.294212 524
0.157093 490
0.000484 2
0.125012 520
0.000491 2
0.099572 516
0.122354 520
0.000090 2
0.113559 524
0.000550 2
0.094929 526
0.184633 518
0.000524 2
0.202897 520
0.000556 2
0.094522 514
0.000102 2
0.189832 520
0.000097 2
0.177419 522
0.123057 530
0.929063 516
0.000647 2
0.139173 518
0.000123 2
0.198532 524
0.000088 2
0.179567 524
0.000547 2
0.107616 534
0.000515 2
0.087655 540
5.471466 544
0.000698 2
7.103223 536
0.000365 2
6.649382 536
0.351845 534
0.000652 2
0.129135 534
0.000529 2
0.185098 536
0.000537 2
0.178372 562
0.376263 534
0.345379 546
0.000510 2
0.429072 576
0.000229 2
0.073832 586
0.661775 484
0.175242 508
0.000575 2
0.154592 504
0.135856 528
0.000485 2
0.355793 504
0.248604 502
0.000100 2
0.116377 496
0.000315 2
0.243846 502
0.000509 2
0.174143 512
0.000493 2
0.144623 514
0.000216 2
0.097206 512
0.106789 496
0.000547 2
0.097263 514
0.000092 2
0.102455 514
0.095334 504
0.103890 502
0.000537 2
0.154904 508
0.000949 2
0.202695 508
0.112541 506
0.000559 2
0.179557 500
0.313634 498
0.255287 518
0.000107 2
0.100840 502
0.000183 2
0.124954 502
0.117171 502
0.127609 506
0.000568 2
0.117337 500
0.000140 2
0.123166 496
0.000473 2
0.094930 502
0.118198 508
0.832148 512
0.001236 2
0.240550 514
0.107636 502
0.475560 508
0.000534 2
0.108201 500
0.000105 2
0.113346 508
1.410849 516
0.100875 526
0.404786 510
0.000107 2
0.184134 500
0.000565 2
0.323668 514
0.000470 2
0.110123 574
0.093989 580
0.547215 572
0.000498 2
0.284134 578
0.000549 2
0.915993 578
0.000563 2
0.385991 496
0.000164 2
0.133823 498
0.142392 496
0.000094 2
0.085893 498
0.285776 496
0.000094 2
0.083144 498
1.145609 462
0.179581 123
0.000120 2
0.000483 31
0.000437 22
0.285829 466
0.135923 460
0.163343 466
0.096151 488
0.000113 2
0.235327 478
0.000100 2
0.185591 490
0.241004 582
0.128469 588
0.000089 2
0.183251 586
0.096977 588
0.099867 580
0.000097 2
0.162882 1024
0.000678 2048
0.000907 2048
0.000998 2048
0.000926 2048
0.000935 2048
0.000882 2048
0.000969 2048
0.000930 1024
0.000627 274
0.000243 2
0.344615 35
0.000288 2
0.009764 461
0.000457 2
0.452380 473
0.290738 103
0.002351 2
4.781557 483
0.000468 2
0.022529 105
2.467209 465
0.000097 2
0.017931 103
0.000079 2
2.970335 479
0.000537 2
0.018223 103
0.000157 2
0.067620 467
0.020884 103
0.000067 2
1.826050 485
0.024411 105
3.774335 471
0.000527 2
0.020649 105
1.362346 485
0.034838 105
0.118262 471
0.020038 105
2.129039 469
0.019994 103
0.000082 2
2.172239 467
0.000481 2
0.027242 103
0.000084 2
2.107817 471
0.000887 2
0.023083 103
0.000072 2
0.210831 479
0.019956 105
0.600660 465
0.000097 2
0.019433 103
0.000084 2
0.269911 483
0.000094 2
0.019989 103
0.000079 2
0.510209 487
0.023108 105
0.060637 485
0.018841 105
2.583846 479
0.000891 2
0.017345 105
0.077184 483
0.029527 103
0.000171 2
0.955131 471
0.020713 103
0.000081 2
1.229757 467
0.020882 105
0.966102 475
0.035455 105
1.323771 467
0.000774 2
0.024922 105
1.182845 465
0.000560 2
0.019455 105
1.866727 479
0.000099 2
0.020361 103
0.000090 2
1.515805 479
0.000370 2
0.032129 105
1.324763 489
0.020286 105
2.296848 477
0.021772 105
1.764344 471
0.000490 2
0.018624 103
0.000087 2
2.006274 481
0.000486 2
0.027695 105
3.895763 471
0.000095 2
0.024240 103
0.000087 2
3.424057 465
0.000802 2
0.019905 103
0.000091 2
2.074756 469
0.019519 103
0.000081 2
1.970024 475
0.000097 2
0.019414 103
0.000082 2
1.211845 483
0.033963 105
0.120039 479
0.000387 2
0.024308 103
0.000081 2
1.172070 465
0.000082 2
0.018799 103
0.000080 2
1.233146 471
0.000826 2
0.019509 103
0.000092 2
1.285984 481
0.000538 2
0.020254 103
0.000080 2
1.125473 483
0.000172 2
0.020388 105
2.104997 481
0.000095 2
0.018281 103
0.000081 2
0.061480 485
0.000795 2
0.019283 103
0.000083 2
2.156194 483
0.024530 105
0.894501 481
0.000481 2
0.022331 103
0.000088 2
1.671352 471
0.018821 103
0.000079 2
2.342679 489
0.000097 2
0.019642 103
0.000079 2
2.549080 467
0.000178 2
0.026705 103
0.000086 2
1.842310 467
0.000565 2
0.020071 103
0.000090 2
1.320001 479
0.000222 2
0.021060 103
0.000081 2
1.190071 479
0.018885 103
0.000088 2
3.718222 471
0.019612 105
0.383722 471
0.000814 2
0.036004 105
1.831733 477
0.000096 2
0.019707 105
1.601729 503
0.019512 103
0.000086 2
0.075651 481
0.000178 2
0.019474 103
0.000162 2
8.305903 485
0.000127 2
0.019513 103
0.000545 2
0.059005 473
0.000096 2
0.019604 105
1.304333 471
0.000661 2
0.022938 103
0.000100 2
2.259831 475
0.020310 105
2.572270 487
0.000094 2
0.021852 103
0.000331 2
0.074832 487
0.032490 105
6.793551 467
0.000558 2
0.032102 105
3.271366 483
0.000107 2
0.019535 105
2.571018 465
0.031817 105
0.901003 465
0.000906 2
0.019220 105
12.459385 473
0.031401 103
0.000087 2
0.485563 463
0.000182 2
0.033389 103
0.000186 2
1.772449 463
0.000167 2
0.018880 103
0.000085 2
2.014025 473
0.000094 2
0.019600 103
0.000125 2
1.711031 485
0.000556 2
0.019206 103
0.000085 2
2.052833 483
0.000098 2
0.017941 103
0.000086 2
3.200107 469
0.023951 105
1.717796 485
0.015985 105
1.507580 485
0.000096 2
0.034365 105
0.123468 479
0.031265 103
0.000145 2
1.512618 467
0.019668 105
2.758199 467
0.000486 2
0.018305 105
3.718340 465
0.000558 2
0.019574 103
0.000085 2
1.807727 471
0.018749 103
0.000084 2
1.710883 1024
0.000147 3974
0.917203 53
0.002236 400
3.984648 450
0.000216 2
0.102853 51
0.000173 2
0.002480 398
0.000148 2
3.540170 450
0.000932 2
0.103253 51
0.001129 396
5.794848 446
0.000189 2
0.170880 54
0.001143 402
1.047152 452
0.000097 2
0.090478 53
0.000335 2
0.001092 404
5.600057 454
0.000159 2
0.096997 51
0.000087 2
0.000845 398
0.000161 2
5.146724 452
0.103705 49
0.000087 2
0.000843 394
0.000081 2
1.546809 448
0.102317 51
0.000315 2
0.001101 400
7.004876 452
0.111519 50
0.000316 2
0.001092 398
4.095931 110
0.000330 2
0.003210 134
0.000333 2
0.000702 210
0.000321 2
0.000443 18
0.000178 2
9.172101 450
0.108329 49
0.000088 2
0.000846 394
0.000299 2
2.738561 446
0.000566 2
0.437369 118
0.000323 34
0.000185 20
0.000218 33
0.000315 6
0.072779 111
0.000195 50
0.000341 29
0.000109 33
0.000310 6
0.062070 106
0.000332 43
0.000148 38
0.000344 33
0.000101 6
0.246205 6
0.702177 48
0.019476 68
0.002400 71
0.026962 89
0.048235 70
0.005074 72
0.002814 99
0.002582 93
0.013729 90
0.013523 91
0.016190 91
0.002355 95
0.002443 94
0.002339 97
0.002421 97
0.299383 61
0.514221 6
0.787104 43
0.497549 6
0.636323 47
0.001978 298
0.695891 438
0.000153 2
0.488895 44
0.525010 4
0.000291 2
0.666861 46
0.008228 63
0.001064 62
0.001109 61
0.000380 2
0.090589 385
0.000134 16
0.901406 83
17.864042 1
0.200137 1
0.245535 1
0.197187 1
0.275100 1
0.198591 1
0.064038 1
0.793971 1
0.246830 1
0.231362 1
0.182225 1
0.188242 1
0.216331 1
0.121801 1
0.129843 1
0.165025 1
0.902440 2
2.117969 163
0.146466 128
0.186642 113
0.000319 59
0.000497 100
0.000378 131
1.137260 161
0.001197 162
0.000051 2
0.000279 164
0.012174 318
0.000916 334
0.000097 2
0.000733 163
0.000093 163
0.001427 156
0.000104 156
0.001439 330
0.004529 314
0.000102 2
0.005572 316
0.002467 156
3.799898 100
12.729454 2
0.002722 53
0.000890 152
0.000216 39
1.856071 1
0.433567 2
0.001095 49
0.001719 63
0.145980 83
0.672935 4
0.000169 2
