1.534594 74
0.692364 1
0.214377 1
0.246373 1
0.225759 1
0.289956 1
0.333134 1
0.204483 1
0.146200 1
0.239033 1
0.239549 1
0.281762 1
0.471574 1
0.238888 1
0.464640 1
0.200210 1
0.154505 1
0.154566 1
0.062182 1
0.203229 1
0.302796 1
0.232066 1
0.249660 1
0.321516 1
0.208565 1
0.209198 1
0.171522 1
0.142932 1
0.214474 1
0.312723 2
1.543857 17
0.000180 2
0.053294 74
4.718548 1
0.000530 1
0.000095 1
0.000281 1
0.000295 1
0.000294 1
0.001101 4
0.000254 1
0.000316 1
0.000192 1
0.000282 1
0.000289 1
0.000294 1
0.000292 1
0.000294 1
0.000422 1
0.000179 1
0.000305 1
0.000304 1
0.000308 1
0.000361 1
0.000313 1
0.000322 1
0.000320 1
0.000324 1
0.000331 1
0.000333 1
0.000372 1
0.000343 1
0.000357 1
0.000346 1
0.000407 1
0.000356 1
0.000364 1
0.000362 1
0.000360 1
0.000365 1
0.000369 1
0.000371 1
0.000374 1
0.000375 1
0.000384 1
0.000436 1
0.000409 1
0.977289 2
0.021002 28
0.000162 2
0.697907 41
0.000300 2
0.000223 47
0.000200 47
0.000178 47
0.000192 47
0.000183 47
0.000368 47
0.000925 47
0.000238 47
0.000181 47
0.000230 28
0.000534 20
0.000215 48
0.000184 48
0.000182 48
0.000180 48
0.000183 48
0.000186 48
0.000186 48
0.000181 48
0.000184 48
0.000186 48
0.000182 48
0.000186 48
0.000187 48
0.000190 48
0.000185 51
0.000172 2
0.058734 37
0.045392 39
0.037194 39
0.027192 39
0.020982 39
0.017912 39
0.017791 40
0.017877 40
0.017313 40
0.017530 40
0.017591 40
0.017683 40
0.018301 40
0.017914 40
0.017560 40
0.022994 40
0.196390 65
0.053754 65
0.067071 65
0.023595 65
0.013784 65
0.010187 65
0.006905 65
0.005517 65
0.005556 65
0.290153 63
1.008534 63
0.187888 63
0.027582 63
0.011952 63
0.008436 63
0.042102 63
0.018476 63
0.011580 63
0.011372 63
0.051379 63
0.021641 63
0.019126 63
0.067567 63
0.016772 63
0.511055 63
1.004651 63
0.044284 63
0.012681 63
0.009978 63
0.006146 63
0.010961 63
0.013033 63
0.008638 63
0.012723 63
0.010311 63
0.011918 63
0.006312 63
0.007211 63
0.031893 63
0.008755 63
0.007405 63
0.007320 63
0.007222 63
0.008429 63
0.010645 63
0.024520 63
0.010996 63
0.008861 63
0.024436 64
0.007594 64
0.007363 64
0.011816 64
0.008283 64
0.010384 64
0.010255 64
0.008444 64
0.116284 64
0.008124 64
0.008142 64
0.007018 64
0.007936 64
0.077028 64
0.412528 64
0.995285 64
0.004329 64
0.038575 64
0.026036 64
0.034309 64
0.006448 64
0.008669 64
0.020331 64
0.012197 64
0.007431 64
0.006673 64
0.006418 64
0.103635 64
0.010155 64
0.009824 64
0.007980 64
0.010240 64
0.008107 64
0.007446 64
0.007017 64
0.007214 64
0.009013 64
0.010726 64
0.009166 64
0.007859 64
0.005148 73
0.004089 64
0.008668 64
0.010303 64
0.000055 69
0.013555 35
0.010039 36
0.005171 37
0.008549 37
0.016421 37
0.004908 37
0.007171 37
0.006545 37
0.012671 37
0.036327 37
0.032399 38
0.001557 38
0.011348 38
0.007360 38
0.009105 38
0.006562 38
0.024529 38
0.008521 38
0.013489 38
0.018259 38
0.013896 38
0.006644 38
0.014947 38
0.007078 38
0.006808 38
0.005498 38
0.009342 38
0.002595 38
0.006587 38
0.007392 38
0.006783 38
0.007910 38
0.000427 38
0.010800 38
0.003778 38
0.008023 38
0.005415 38
0.011602 38
0.011507 38
0.003654 38
0.006387 38
0.007396 38
0.006248 38
0.007983 38
0.005989 38
0.002787 38
0.007380 38
0.135337 38
0.008613 38
0.004868 38
0.006870 38
0.016076 38
0.005322 38
0.008030 38
0.006505 38
0.015209 38
0.005823 38
0.012985 38
0.009320 38
0.000348 38
0.025927 38
0.021015 38
0.024353 38
0.006492 38
0.005476 38
0.004929 38
0.017400 38
0.003637 38
0.005782 38
0.007631 38
0.129319 38
0.008374 38
0.004042 38
0.010904 38
0.002831 38
0.012118 38
0.015054 38
0.005104 38
0.008948 38
0.022116 38
0.002281 38
0.015091 38
0.005135 38
0.151337 38
0.061005 38
0.000061 43
0.370615 25
0.008264 5
0.000121 2
0.078850 74
0.995584 1
0.208880 1
0.245528 1
0.387016 1
0.246833 1
0.216448 1
0.304122 1
0.169611 1
0.206120 1
0.201773 1
0.150495 1
0.337280 1
0.253438 1
0.142718 1
0.136281 1
0.168878 1
0.130632 1
1.220765 1
0.138437 1
0.310080 1
0.322073 1
0.408722 1
0.335440 1
0.163436 1
0.186919 1
0.079096 1
0.179035 1
0.175394 1
0.086675 1
0.378509 2
1.738878 113
0.000300 59
0.000900 231
19.408899 105
0.000087 2
1.470385 92
0.000090 2
6.686195 113
0.000085 2
3.668764 92
0.000159 2
0.026088 128
0.002842 2
39.012700 2
0.001829 51
0.000161 2
0.001601 71
0.000163 2
0.000142 17
0.000130 2
0.000179 58
0.000128 2
0.000179 39
0.839823 1
0.394232 2
0.000555 49
0.001873 63
1.028231 95
1.551410 95
0.145340 74
0.632598 4
0.000209 2
